<?xml version="1.0" encoding="UTF-8"?>
<!-- Generated by org.testng.reporters.JUnitReportReporter -->
<testsuite skipped="0" hostname="Saurav-PC" name="RestAssuredFramework.sampleTest.tests.deleteUserTest" tests="1" failures="0" timestamp="10 Feb 2018 11:43:32 GMT" time="1.643" errors="0">
  <testcase name="deleteUser" time="1.643" classname="RestAssuredFramework.sampleTest.tests.deleteUserTest"/>
</testsuite> <!-- RestAssuredFramework.sampleTest.tests.deleteUserTest -->
