<?xml version="1.0" encoding="UTF-8"?>
<!-- Generated by org.testng.reporters.JUnitReportReporter -->
<testsuite skipped="0" hostname="Saurav-PC" name="RestAssuredFramework.sampleTest.tests.GetAllUsersTest" tests="1" failures="0" timestamp="10 Feb 2018 11:29:40 GMT" time="3.044" errors="0">
  <testcase name="getAllUsers" time="3.044" classname="RestAssuredFramework.sampleTest.tests.GetAllUsersTest"/>
</testsuite> <!-- RestAssuredFramework.sampleTest.tests.GetAllUsersTest -->
