<?xml version="1.0" encoding="UTF-8"?>
<!-- Generated by org.testng.reporters.JUnitReportReporter -->
<testsuite skipped="0" hostname="Saurav-PC" name="RestAssuredFramework.sampleTest.tests.updateUserTest" tests="1" failures="0" timestamp="10 Feb 2018 11:37:07 GMT" time="2.164" errors="0">
  <testcase name="updateUserDetails" time="2.164" classname="RestAssuredFramework.sampleTest.tests.updateUserTest"/>
</testsuite> <!-- RestAssuredFramework.sampleTest.tests.updateUserTest -->
