<?xml version="1.0" encoding="UTF-8"?>
<!-- Generated by org.testng.reporters.JUnitReportReporter -->
<testsuite skipped="0" hostname="Saurav-PC" name="RestAssuredFramework.sampleTest.tests.createNewUserTest" tests="1" failures="0" timestamp="10 Feb 2018 11:31:37 GMT" time="2.179" errors="0">
  <testcase name="createNewUser" time="2.179" classname="RestAssuredFramework.sampleTest.tests.createNewUserTest"/>
</testsuite> <!-- RestAssuredFramework.sampleTest.tests.createNewUserTest -->
